/u/k/a/karu/courses/cs552/spring2013/handouts/testprograms/public/complex_demofinal/alignTest.asm FAILED
/u/k/a/karu/courses/cs552/spring2013/handouts/testprograms/public/complex_demofinal/alignTest2.asm FAILED
/u/k/a/karu/courses/cs552/spring2013/handouts/testprograms/public/complex_demofinal/alignTest3.asm FAILED
/u/k/a/karu/courses/cs552/spring2013/handouts/testprograms/public/complex_demofinal/alignTest4.asm FAILED
/u/k/a/karu/courses/cs552/spring2013/handouts/testprograms/public/complex_demofinal/branchTest.asm SUCCESS CPI:14.4 CYCLES:303 ICOUNT:21 IHITRATE: 84.5 DHITRATE: 0
/u/k/a/karu/courses/cs552/spring2013/handouts/testprograms/public/complex_demofinal/cacheTest.asm FAILED
/u/k/a/karu/courses/cs552/spring2013/handouts/testprograms/public/complex_demofinal/complex_exception_test.asm FAILED
/u/k/a/karu/courses/cs552/spring2013/handouts/testprograms/public/complex_demofinal/extraCreditTest.asm FAILED
/u/k/a/karu/courses/cs552/spring2013/handouts/testprograms/public/complex_demofinal/finalTest2.asm FAILED
/u/k/a/karu/courses/cs552/spring2013/handouts/testprograms/public/complex_demofinal/firstTest.asm SUCCESS CPI:8.6 CYCLES:354 ICOUNT:41 IHITRATE: 91.0 DHITRATE: 0
/u/k/a/karu/courses/cs552/spring2013/handouts/testprograms/public/complex_demofinal/ldld.asm FAILED
/u/k/a/karu/courses/cs552/spring2013/handouts/testprograms/public/complex_demofinal/ldst.asm FAILED
/u/k/a/karu/courses/cs552/spring2013/handouts/testprograms/public/complex_demofinal/loadStoreTest.asm FAILED
/u/k/a/karu/courses/cs552/spring2013/handouts/testprograms/public/complex_demofinal/pipeTest.asm FAILED
/u/k/a/karu/courses/cs552/spring2013/handouts/testprograms/public/complex_demofinal/shiftTest.asm SUCCESS CPI:7.8 CYCLES:769 ICOUNT:98 IHITRATE: 91.5 DHITRATE: 0
/u/k/a/karu/courses/cs552/spring2013/handouts/testprograms/public/complex_demofinal/simple-exception-test.asm FAILED
/u/k/a/karu/courses/cs552/spring2013/handouts/testprograms/public/complex_demofinal/stallTest.asm FAILED
/u/k/a/karu/courses/cs552/spring2013/handouts/testprograms/public/complex_demofinal/ultimateTest.asm FAILED
